<?xml version="1.0" encoding="UTF-8"?>
<!-- Generated by org.testng.reporters.JUnitReportReporter -->
<testsuite hostname="EUC-9041721" failures="0" tests="2" name="TestNGTests.AddressGeneratorTestNG" time="0.082" errors="0" timestamp="2021-11-05T15:49:29 AEDT" skipped="0">
  <testcase classname="TestNGTests.AddressGeneratorTestNG" name="feature" time="0.078"/>
  <system-out/>
  <testcase classname="TestNGTests.AddressGeneratorTestNG" name="feature" time="0.004"/>
  <system-out/>
</testsuite> <!-- TestNGTests.AddressGeneratorTestNG -->
